
2/5/2015 12:00:34 PM
Specified cast is not valid.
Message


2/5/2015 12:26:07 PM
Specified cast is not valid.
Message


2/5/2015 12:31:24 PM
Specified cast is not valid.
Message


05/02/2015 12:45:38 PM
Specified cast is not valid.
Message


05/02/2015 1:34:22 PM
Specified cast is not valid.
Message


05/02/2015 1:45:11 PM
Specified cast is not valid.
Message


05/02/2015 2:40:57 PM
Specified cast is not valid.
Message


05/02/2015 2:50:10 PM
Specified cast is not valid.
Message


05/02/2015 2:54:36 PM
Specified cast is not valid.
Message


05/02/2015 2:57:03 PM
Cannot open database "ARATT" requested by the login. The login failed.
Login failed for user 'sa'.
Message


05/02/2015 2:57:17 PM
Cannot open database "ARATT" requested by the login. The login failed.
Login failed for user 'sa'.
Message


05/02/2015 2:57:34 PM
Cannot open database "ARATT" requested by the login. The login failed.
Login failed for user 'sa'.
Message


05/02/2015 2:57:37 PM
Cannot open database "ARATT" requested by the login. The login failed.
Login failed for user 'sa'.
Message


05/02/2015 2:58:06 PM
Cannot open database "ARATT" requested by the login. The login failed.
Login failed for user 'sa'.
Message


05/02/2015 2:58:14 PM
Cannot open database "ARATT" requested by the login. The login failed.
Login failed for user 'sa'.
Message


05/02/2015 2:58:29 PM
Cannot open database "ARATT" requested by the login. The login failed.
Login failed for user 'sa'.
Message


05/02/2015 2:58:37 PM
Cannot open database "ARATT" requested by the login. The login failed.
Login failed for user 'sa'.
Message


05/02/2015 2:59:16 PM
Login failed for user 'sa'.
Message


05/02/2015 2:59:22 PM
Login failed for user 'sa'.
Message


05/02/2015 3:00:56 PM
Login failed for user 'sa'.
Message


05/02/2015 3:01:26 PM
Login failed for user 'sa'.
Message


05/02/2015 3:03:44 PM
Login failed for user 'sa'.
Message


05/02/2015 3:06:15 PM
Specified cast is not valid.
Message


05/02/2015 3:06:24 PM
Specified cast is not valid.
Message


05/02/2015 3:08:18 PM
Specified cast is not valid.
Message


05/02/2015 3:08:26 PM
Specified cast is not valid.
Message


05/02/2015 3:30:18 PM
Specified cast is not valid.
Message


05/02/2015 3:30:26 PM
Specified cast is not valid.
Message


05/02/2015 3:32:21 PM
Specified cast is not valid.
Message


05/02/2015 3:32:29 PM
Specified cast is not valid.
Message


05/02/2015 3:34:55 PM
Specified cast is not valid.
Message


05/02/2015 3:35:04 PM
Specified cast is not valid.
Message


05/02/2015 3:36:38 PM
Specified cast is not valid.
Message


05/02/2015 3:36:46 PM
Specified cast is not valid.
Message


05/02/2015 3:39:04 PM
Specified cast is not valid.
Message


05/02/2015 3:39:12 PM
Specified cast is not valid.
Message


05/02/2015 3:41:16 PM
Specified cast is not valid.
Message


05/02/2015 3:41:24 PM
Specified cast is not valid.
Message


05/02/2015 3:42:57 PM
Specified cast is not valid.
Message


05/02/2015 3:43:05 PM
Specified cast is not valid.
Message


05/02/2015 3:46:46 PM
Specified cast is not valid.
Message


05/02/2015 3:46:54 PM
Specified cast is not valid.
Message


05/02/2015 3:48:04 PM
Specified cast is not valid.
Message


05/02/2015 3:48:12 PM
Specified cast is not valid.
Message


05/02/2015 3:50:07 PM
Specified cast is not valid.
Message


05/02/2015 3:50:16 PM
Specified cast is not valid.
Message


05/02/2015 3:53:39 PM
Specified cast is not valid.
Message


05/02/2015 3:53:47 PM
Specified cast is not valid.
Message


05/02/2015 3:57:32 PM
Specified cast is not valid.
Message


05/02/2015 3:57:41 PM
Specified cast is not valid.
Message


05/02/2015 4:06:33 PM
Specified cast is not valid.
Message


05/02/2015 4:06:41 PM
Specified cast is not valid.
Message


05/02/2015 4:22:38 PM
Invalid object name 'Master_Loan_Grade'.
Error on updating the Loan details


05/02/2015 4:23:55 PM
Invalid object name 'Master_Loan_Grade'.
Error on updating the Loan details


05/02/2015 4:32:27 PM
Specified cast is not valid.
Message


05/02/2015 4:32:36 PM
Specified cast is not valid.
Message


05/02/2015 4:34:19 PM
Specified cast is not valid.
Message


05/02/2015 4:34:27 PM
Specified cast is not valid.
Message


05/02/2015 4:52:21 PM
Specified cast is not valid.
Message


05/02/2015 4:52:30 PM
Specified cast is not valid.
Message


05/02/2015 4:55:38 PM
Specified cast is not valid.
Message


05/02/2015 4:55:47 PM
Specified cast is not valid.
Message


05/02/2015 4:58:57 PM
Specified cast is not valid.
Message


05/02/2015 4:59:05 PM
Specified cast is not valid.
Message

