
2/6/2015 10:28:09 AM
Specified cast is not valid.
Message


2/6/2015 10:28:10 AM
Specified cast is not valid.
Message


2/6/2015 10:31:15 AM
Specified cast is not valid.
Message


2/6/2015 10:31:15 AM
Specified cast is not valid.
Message


2/6/2015 10:31:52 AM
Specified cast is not valid.
Message


2/6/2015 10:31:52 AM
Specified cast is not valid.
Message


2/6/2015 10:32:48 AM
Specified cast is not valid.
Message


2/6/2015 10:32:48 AM
Specified cast is not valid.
Message


2/6/2015 10:33:18 AM
Specified cast is not valid.
Message


2/6/2015 10:33:18 AM
Specified cast is not valid.
Message


2/6/2015 10:35:02 AM
Specified cast is not valid.
Message


2/6/2015 10:35:02 AM
Specified cast is not valid.
Message


2/6/2015 10:36:07 AM
Specified cast is not valid.
Message


2/6/2015 10:36:08 AM
Specified cast is not valid.
Message


2/6/2015 10:37:26 AM
Specified cast is not valid.
Message


2/6/2015 10:37:26 AM
Specified cast is not valid.
Message


2/6/2015 10:38:22 AM
Specified cast is not valid.
Message


2/6/2015 10:38:22 AM
Specified cast is not valid.
Message


2/6/2015 10:41:56 AM
Specified cast is not valid.
Message


2/6/2015 10:41:56 AM
Specified cast is not valid.
Message


2/6/2015 10:43:30 AM
Specified cast is not valid.
Message


2/6/2015 10:43:30 AM
Specified cast is not valid.
Message


2/6/2015 10:45:14 AM
Specified cast is not valid.
Message


2/6/2015 10:45:14 AM
Specified cast is not valid.
Message


2/6/2015 10:45:49 AM
Specified cast is not valid.
Message


2/6/2015 10:45:51 AM
Specified cast is not valid.
Message


2/6/2015 10:48:10 AM
Specified cast is not valid.
Message


2/6/2015 10:48:10 AM
Specified cast is not valid.
Message


2/6/2015 10:50:25 AM
Specified cast is not valid.
Message


2/6/2015 10:50:26 AM
Specified cast is not valid.
Message


2/6/2015 11:02:44 AM
Specified cast is not valid.
Message


2/6/2015 11:02:44 AM
Specified cast is not valid.
Message


2/6/2015 11:04:27 AM
Specified cast is not valid.
Message


2/6/2015 11:04:28 AM
Specified cast is not valid.
Message


2/6/2015 11:05:30 AM
Specified cast is not valid.
Message


2/6/2015 11:05:31 AM
Specified cast is not valid.
Message


2/6/2015 11:05:51 AM
Specified cast is not valid.
Message


2/6/2015 11:05:51 AM
Specified cast is not valid.
Message


2/6/2015 11:15:21 AM
Specified cast is not valid.
Message


2/6/2015 11:15:21 AM
Specified cast is not valid.
Message


2/6/2015 11:19:11 AM
Specified cast is not valid.
Message


2/6/2015 11:19:12 AM
Specified cast is not valid.
Message


2/6/2015 11:20:35 AM
Specified cast is not valid.
Message


2/6/2015 11:20:35 AM
Specified cast is not valid.
Message


2/6/2015 11:28:14 AM
Specified cast is not valid.
Message


2/6/2015 11:28:14 AM
Specified cast is not valid.
Message


2/6/2015 11:28:55 AM
A transport-level error has occurred when receiving results from the server. (provider: TCP Provider, error: 0 - The semaphore timeout period has expired.)
Message


2/6/2015 11:29:20 AM
A network-related or instance-specific error occurred while establishing a connection to SQL Server. The server was not found or was not accessible. Verify that the instance name is correct and that SQL Server is configured to allow remote connections. (provider: TCP Provider, error: 0 - A connection attempt failed because the connected party did not properly respond after a period of time, or established connection failed because connected host has failed to respond.)
Message


2/6/2015 11:29:35 AM
A network-related or instance-specific error occurred while establishing a connection to SQL Server. The server was not found or was not accessible. Verify that the instance name is correct and that SQL Server is configured to allow remote connections. (provider: TCP Provider, error: 0 - A connection attempt failed because the connected party did not properly respond after a period of time, or established connection failed because connected host has failed to respond.)
Message


2/6/2015 11:30:21 AM
A network-related or instance-specific error occurred while establishing a connection to SQL Server. The server was not found or was not accessible. Verify that the instance name is correct and that SQL Server is configured to allow remote connections. (provider: TCP Provider, error: 0 - A connection attempt failed because the connected party did not properly respond after a period of time, or established connection failed because connected host has failed to respond.)
Message


2/6/2015 11:30:51 AM
A network-related or instance-specific error occurred while establishing a connection to SQL Server. The server was not found or was not accessible. Verify that the instance name is correct and that SQL Server is configured to allow remote connections. (provider: TCP Provider, error: 0 - A connection attempt failed because the connected party did not properly respond after a period of time, or established connection failed because connected host has failed to respond.)
Message


2/6/2015 11:30:54 AM
A network-related or instance-specific error occurred while establishing a connection to SQL Server. The server was not found or was not accessible. Verify that the instance name is correct and that SQL Server is configured to allow remote connections. (provider: TCP Provider, error: 0 - A connection attempt failed because the connected party did not properly respond after a period of time, or established connection failed because connected host has failed to respond.)
Message


2/6/2015 11:31:24 AM
A network-related or instance-specific error occurred while establishing a connection to SQL Server. The server was not found or was not accessible. Verify that the instance name is correct and that SQL Server is configured to allow remote connections. (provider: TCP Provider, error: 0 - A connection attempt failed because the connected party did not properly respond after a period of time, or established connection failed because connected host has failed to respond.)
Message


2/6/2015 11:31:52 AM
A network-related or instance-specific error occurred while establishing a connection to SQL Server. The server was not found or was not accessible. Verify that the instance name is correct and that SQL Server is configured to allow remote connections. (provider: TCP Provider, error: 0 - A connection attempt failed because the connected party did not properly respond after a period of time, or established connection failed because connected host has failed to respond.)
Message


2/6/2015 11:42:02 AM
A network-related or instance-specific error occurred while establishing a connection to SQL Server. The server was not found or was not accessible. Verify that the instance name is correct and that SQL Server is configured to allow remote connections. (provider: TCP Provider, error: 0 - A connection attempt failed because the connected party did not properly respond after a period of time, or established connection failed because connected host has failed to respond.)
Message


2/6/2015 11:42:31 AM
A network-related or instance-specific error occurred while establishing a connection to SQL Server. The server was not found or was not accessible. Verify that the instance name is correct and that SQL Server is configured to allow remote connections. (provider: TCP Provider, error: 0 - A connection attempt failed because the connected party did not properly respond after a period of time, or established connection failed because connected host has failed to respond.)
Message


2/6/2015 11:50:52 AM
Specified cast is not valid.
Message


2/6/2015 11:50:53 AM
Specified cast is not valid.
Message


2/6/2015 11:56:35 AM
Specified cast is not valid.
Message


2/6/2015 11:56:35 AM
Specified cast is not valid.
Message


2/6/2015 12:01:25 PM
Specified cast is not valid.
Message


2/6/2015 12:01:25 PM
Specified cast is not valid.
Message


2/6/2015 12:13:29 PM
Specified cast is not valid.
Message


2/6/2015 12:13:38 PM
Specified cast is not valid.
Message


2/6/2015 12:15:06 PM
Specified cast is not valid.
Message


2/6/2015 12:15:22 PM
Specified cast is not valid.
Message


2/6/2015 12:15:22 PM
Specified cast is not valid.
Message


2/6/2015 12:23:42 PM
Specified cast is not valid.
Message


2/6/2015 12:23:42 PM
Specified cast is not valid.
Message


2/6/2015 12:24:57 PM
Specified cast is not valid.
Message


2/6/2015 12:24:57 PM
Specified cast is not valid.
Message


2/6/2015 12:25:31 PM
Specified cast is not valid.
Message


2/6/2015 12:25:31 PM
Specified cast is not valid.
Message


2/6/2015 12:29:33 PM
Specified cast is not valid.
Message


2/6/2015 12:29:33 PM
Specified cast is not valid.
Message


2/6/2015 12:41:52 PM
Specified cast is not valid.
Message


2/6/2015 12:41:52 PM
Specified cast is not valid.
Message

