
01-02-2015 13:07:45
Specified cast is not valid.
Message


01-02-2015 13:17:06
Specified cast is not valid.
Message


01-02-2015 13:17:26
Specified cast is not valid.
Message


01-02-2015 13:20:25
Input string was not in a correct format.
Message


01-02-2015 13:21:58
Specified cast is not valid.
Message


01-02-2015 13:22:12
Input string was not in a correct format.
Message


01-02-2015 13:23:24
Specified cast is not valid.
Message


01-02-2015 13:29:11
Specified cast is not valid.
Message


01-02-2015 13:34:17
Specified cast is not valid.
Message


01-02-2015 13:43:02
Specified cast is not valid.
Message


01-02-2015 13:56:31
Specified cast is not valid.
Message


01-02-2015 13:57:39
Specified cast is not valid.
Message


01-02-2015 14:00:35
Specified cast is not valid.
Message


01-02-2015 14:00:59
Specified cast is not valid.
Message


01-02-2015 14:05:26
Invalid object name 'Master_Annual_Additions'.
Message

