
07/02/2015 11:42:19 AM
Specified cast is not valid.
Message


07/02/2015 11:42:28 AM
Specified cast is not valid.
Message


07/02/2015 11:46:57 AM
Specified cast is not valid.
Message


07/02/2015 11:47:06 AM
Specified cast is not valid.
Message


07/02/2015 12:09:59 PM
Specified cast is not valid.
Message


07/02/2015 12:10:08 PM
Specified cast is not valid.
Message


07/02/2015 12:11:33 PM
Specified cast is not valid.
Message


07/02/2015 12:11:42 PM
Specified cast is not valid.
Message


07/02/2015 12:13:11 PM
Specified cast is not valid.
Message


07/02/2015 12:13:19 PM
Specified cast is not valid.
Message


07/02/2015 12:15:21 PM
Specified cast is not valid.
Message


07/02/2015 12:15:30 PM
Specified cast is not valid.
Message


07/02/2015 12:31:09 PM
Specified cast is not valid.
Message


07/02/2015 12:31:17 PM
Specified cast is not valid.
Message


07/02/2015 12:34:47 PM
Specified cast is not valid.
Message


07/02/2015 12:34:56 PM
Specified cast is not valid.
Message


07/02/2015 12:37:36 PM
Specified cast is not valid.
Message


07/02/2015 12:37:45 PM
Specified cast is not valid.
Message


07/02/2015 12:41:01 PM
Specified cast is not valid.
Message


07/02/2015 12:41:09 PM
Specified cast is not valid.
Message


07/02/2015 12:44:27 PM
Specified cast is not valid.
Message


07/02/2015 12:44:35 PM
Specified cast is not valid.
Message


07/02/2015 12:47:22 PM
Specified cast is not valid.
Message


07/02/2015 12:47:31 PM
Specified cast is not valid.
Message


07/02/2015 12:49:54 PM
Specified cast is not valid.
Message


07/02/2015 12:50:02 PM
Specified cast is not valid.
Message


07/02/2015 1:03:16 PM
Specified cast is not valid.
Message


07/02/2015 1:03:24 PM
Specified cast is not valid.
Message


07/02/2015 1:07:02 PM
Specified cast is not valid.
Message


07/02/2015 1:07:10 PM
Specified cast is not valid.
Message


07/02/2015 1:08:14 PM
Invalid object name 'Salary_Advance'.
Error on accepting the AdvanceType info


07/02/2015 1:10:17 PM
Invalid object name 'Salary_Advance'.
Error on accepting the AdvanceType info


07/02/2015 1:11:15 PM
Specified cast is not valid.
Message


07/02/2015 1:11:23 PM
Specified cast is not valid.
Message

