
10-Jul-14 10:44:12 AM
Specified cast is not valid.
Message


10-Jul-14 10:44:14 AM
Specified cast is not valid.
Message


10-Jul-14 10:49:04 AM
Specified cast is not valid.
Message


10-Jul-14 10:49:04 AM
Specified cast is not valid.
Message


10-Jul-14 10:49:53 AM
Specified cast is not valid.
Message


10-Jul-14 10:49:53 AM
Specified cast is not valid.
Message


10-Jul-14 10:50:30 AM
Specified cast is not valid.
Message


10-Jul-14 10:50:30 AM
Specified cast is not valid.
Message


10-Jul-14 10:54:16 AM
Specified cast is not valid.
Message


10-Jul-14 10:54:16 AM
Specified cast is not valid.
Message


10-Jul-14 10:55:40 AM
Specified cast is not valid.
Message


10-Jul-14 10:55:40 AM
Specified cast is not valid.
Message


10-Jul-14 10:56:18 AM
Specified cast is not valid.
Message


10-Jul-14 10:56:18 AM
Specified cast is not valid.
Message


10-Jul-14 10:56:19 AM
Specified cast is not valid.
Message


10-Jul-14 10:56:19 AM
Specified cast is not valid.
Message


10-Jul-14 10:59:27 AM
Specified cast is not valid.
Message


10-Jul-14 10:59:27 AM
Specified cast is not valid.
Message


10-Jul-14 11:01:37 AM
Specified cast is not valid.
Message


10-Jul-14 11:01:37 AM
Specified cast is not valid.
Message


10-Jul-14 11:02:55 AM
Specified cast is not valid.
Message


10-Jul-14 11:02:55 AM
Specified cast is not valid.
Message


10-Jul-14 11:03:51 AM
Specified cast is not valid.
Message


10-Jul-14 11:03:51 AM
Specified cast is not valid.
Message


10-Jul-14 11:54:05 AM
Specified cast is not valid.
Message


10-Jul-14 11:54:05 AM
Specified cast is not valid.
Message


10-Jul-14 11:55:01 AM
Specified cast is not valid.
Message


10-Jul-14 11:55:01 AM
Specified cast is not valid.
Message


10-Jul-14 12:01:36 PM
Specified cast is not valid.
Message


10-Jul-14 12:01:36 PM
Specified cast is not valid.
Message


10-Jul-14 12:28:07 PM
Specified cast is not valid.
Message


10-Jul-14 12:28:08 PM
Specified cast is not valid.
Message


10-Jul-14 12:39:10 PM
Specified cast is not valid.
Message


10-Jul-14 12:39:11 PM
Specified cast is not valid.
Message


10-Jul-14 12:48:28 PM
Input string was not in a correct format.
Message

