
11/02/2015 9:13:34 AM
Specified cast is not valid.
Message


11/02/2015 9:13:34 AM
Specified cast is not valid.
Message


11/02/2015 9:15:03 AM
Specified cast is not valid.
Message


11/02/2015 9:15:03 AM
Specified cast is not valid.
Message


11/02/2015 9:18:18 AM
Specified cast is not valid.
Message


11/02/2015 9:18:19 AM
Specified cast is not valid.
Message


11/02/2015 9:18:41 AM
Specified cast is not valid.
Message


11/02/2015 9:18:41 AM
Specified cast is not valid.
Message


11/02/2015 9:19:16 AM
Specified cast is not valid.
Message


11/02/2015 9:19:17 AM
Specified cast is not valid.
Message


11/02/2015 9:20:40 AM
Column 'DepartmentName' does not belong to table .
Message


11/02/2015 9:24:39 AM
Specified cast is not valid.
Message


11/02/2015 9:24:39 AM
Specified cast is not valid.
Message


11/02/2015 9:25:18 AM
Column 'DepartmentName' does not belong to table .
Message


11/02/2015 9:27:07 AM
Column 'DepartmentName' does not belong to table .
Message


11/02/2015 9:27:50 AM
Specified cast is not valid.
Message


11/02/2015 9:27:50 AM
Specified cast is not valid.
Message


11/02/2015 9:28:03 AM
Column 'DepartmentName' does not belong to table .
Message


11/02/2015 9:29:04 AM
Specified cast is not valid.
Message


11/02/2015 9:29:04 AM
Specified cast is not valid.
Message


11/02/2015 9:29:41 AM
Specified cast is not valid.
Message


11/02/2015 9:29:41 AM
Specified cast is not valid.
Message


11/02/2015 9:29:52 AM
Column 'DepartmentName' does not belong to table .
Message


11/02/2015 9:30:58 AM
Column 'DepartmentName' does not belong to table .
Message


11/02/2015 9:31:47 AM
Specified cast is not valid.
Message


11/02/2015 9:31:48 AM
Specified cast is not valid.
Message


11/02/2015 9:35:11 AM
Incorrect syntax near the keyword 'And'.
Error on rejecting the Loan Request info


11/02/2015 9:35:39 AM
Incorrect syntax near the keyword 'And'.
Error on rejecting the Loan Request info


11/02/2015 9:45:46 AM
Incorrect syntax near the keyword 'And'.
Error on rejecting the Loan Request info


11/02/2015 9:46:06 AM
Specified cast is not valid.
Message


11/02/2015 9:46:06 AM
Specified cast is not valid.
Message


11/02/2015 9:46:38 AM
Specified cast is not valid.
Message


11/02/2015 9:46:38 AM
Specified cast is not valid.
Message


11/02/2015 9:48:28 AM
Specified cast is not valid.
Message


11/02/2015 9:48:28 AM
Specified cast is not valid.
Message


11/02/2015 9:58:28 AM
Input string was not in a correct format.
Message


11/02/2015 9:59:16 AM
Input string was not in a correct format.
Message


11/02/2015 10:12:05 AM
Specified cast is not valid.
Message


11/02/2015 10:12:05 AM
Specified cast is not valid.
Message


11/02/2015 11:04:24 AM
Specified cast is not valid.
Message


11/02/2015 11:04:24 AM
Specified cast is not valid.
Message


11/02/2015 11:06:18 AM
Specified cast is not valid.
Message


11/02/2015 11:06:18 AM
Specified cast is not valid.
Message


11/02/2015 11:06:31 AM
Specified cast is not valid.
Message


11/02/2015 11:06:31 AM
Specified cast is not valid.
Message


11/02/2015 11:07:46 AM
Input string was not in a correct format.
Message


11/02/2015 11:09:23 AM
Input string was not in a correct format.
Message


11/02/2015 11:10:44 AM
Specified cast is not valid.
Message


11/02/2015 11:10:44 AM
Specified cast is not valid.
Message


11/02/2015 11:11:01 AM
Specified cast is not valid.
Message


11/02/2015 11:11:02 AM
Specified cast is not valid.
Message


11/02/2015 11:11:40 AM
Specified cast is not valid.
Message


11/02/2015 11:11:40 AM
Specified cast is not valid.
Message


11/02/2015 11:15:04 AM
Specified cast is not valid.
Message


11/02/2015 11:15:05 AM
Specified cast is not valid.
Message


11/02/2015 12:16:46 PM
Specified cast is not valid.
Message


11/02/2015 12:16:46 PM
Specified cast is not valid.
Message


11/02/2015 12:17:04 PM
Specified cast is not valid.
Message


11/02/2015 12:17:04 PM
Specified cast is not valid.
Message


11/02/2015 1:21:12 PM
A transport-level error has occurred when sending the request to the server. (provider: TCP Provider, error: 0 - An existing connection was forcibly closed by the remote host.)
Message


11/02/2015 1:21:57 PM
Specified cast is not valid.
Message


11/02/2015 1:21:57 PM
Specified cast is not valid.
Message


11/02/2015 1:24:52 PM
Invalid Designation
Error on updating the Role details


11/02/2015 1:29:47 PM
Specified cast is not valid.
Message


11/02/2015 1:29:47 PM
Specified cast is not valid.
Message


11/02/2015 1:29:59 PM
Specified cast is not valid.
Message


11/02/2015 1:29:59 PM
Specified cast is not valid.
Message


11/02/2015 1:32:34 PM
Specified cast is not valid.
Message


11/02/2015 1:32:34 PM
Specified cast is not valid.
Message


11/02/2015 1:35:22 PM
Specified cast is not valid.
Message


11/02/2015 1:35:22 PM
Specified cast is not valid.
Message


11/02/2015 1:37:56 PM
Incorrect syntax near the keyword 'And'.
Error on rejecting the Loan Request info


11/02/2015 1:39:24 PM
Specified cast is not valid.
Message


11/02/2015 1:39:24 PM
Specified cast is not valid.
Message


11/02/2015 1:40:40 PM
Incorrect syntax near the keyword 'And'.
Error on rejecting the Loan Request info


11/02/2015 1:40:51 PM
Specified cast is not valid.
Message


11/02/2015 1:40:51 PM
Specified cast is not valid.
Message


11/02/2015 1:41:53 PM
Incorrect syntax near the keyword 'And'.
Error on rejecting the Loan Request info


11/02/2015 2:08:47 PM
Specified cast is not valid.
Message


11/02/2015 2:08:47 PM
Specified cast is not valid.
Message


11/02/2015 2:10:21 PM
Specified cast is not valid.
Message


11/02/2015 2:10:21 PM
Specified cast is not valid.
Message


11/02/2015 2:10:50 PM
Incorrect syntax near ')'.
Message


11/02/2015 2:12:07 PM
Specified cast is not valid.
Message


11/02/2015 2:12:07 PM
Specified cast is not valid.
Message


11/02/2015 2:12:56 PM
Specified cast is not valid.
Message


11/02/2015 2:12:56 PM
Specified cast is not valid.
Message


11/02/2015 2:20:36 PM
Specified cast is not valid.
Message


11/02/2015 2:20:36 PM
Specified cast is not valid.
Message


11/02/2015 2:23:16 PM
Specified cast is not valid.
Message


11/02/2015 2:23:16 PM
Specified cast is not valid.
Message


11/02/2015 2:26:13 PM
Specified cast is not valid.
Message


11/02/2015 2:26:13 PM
Specified cast is not valid.
Message


11/02/2015 2:28:51 PM
Input string was not in a correct format.
Message


11/02/2015 2:29:47 PM
There is no row at position 0.
   at System.Data.RBTree`1.GetNodeByIndex(Int32 userIndex)
   at System.Data.RBTree`1.get_Item(Int32 index)
   at System.Data.DataRowCollection.get_Item(Int32 index)
   at HRManager.Entity.ExitManagement.ExitManagementNotification.ExitNotification(Int32 EmployeeID, DateTime ExitDate) in D:\kk\Projects\AltioStar\HRManager\Entity\ExitManagement\ExitManagementNotification.cs:line 189
   at HRManager.Entity.EmployeesInfo.EmployeeOccupationDetails.Save() in D:\kk\Projects\AltioStar\HRManager\Entity\EmployeesInfo\EmployeeOccupationDetails.cs:line 183

11/02/2015 2:30:45 PM
Specified cast is not valid.
Message


11/02/2015 2:30:45 PM
Specified cast is not valid.
Message


11/02/2015 2:50:36 PM
Input string was not in a correct format.
Message


11/02/2015 2:55:31 PM
Input string was not in a correct format.
Message


11/02/2015 2:56:28 PM
Specified cast is not valid.
Message


11/02/2015 2:56:28 PM
Specified cast is not valid.
Message


11/02/2015 2:56:35 PM
Specified cast is not valid.
Message


11/02/2015 2:56:35 PM
Specified cast is not valid.
Message


11/02/2015 2:56:52 PM
Incorrect syntax near ')'.
Message


11/02/2015 3:00:12 PM
Incorrect syntax near ')'.
Message


11/02/2015 3:00:36 PM
Specified cast is not valid.
Message


11/02/2015 3:00:36 PM
Specified cast is not valid.
Message


11/02/2015 3:01:27 PM
There is no row at position 0.
   at System.Data.RBTree`1.GetNodeByIndex(Int32 userIndex)
   at System.Data.RBTree`1.get_Item(Int32 index)
   at System.Data.DataRowCollection.get_Item(Int32 index)
   at HRManager.Entity.ExitManagement.ExitManagementNotification.ExitNotification(Int32 EmployeeID, DateTime ExitDate) in D:\kk\Projects\AltioStar\HRManager\Entity\ExitManagement\ExitManagementNotification.cs:line 189
   at HRManager.Entity.EmployeesInfo.EmployeeOccupationDetails.Save() in D:\kk\Projects\AltioStar\HRManager\Entity\EmployeesInfo\EmployeeOccupationDetails.cs:line 183

11/02/2015 3:01:40 PM
Specified cast is not valid.
Message


11/02/2015 3:01:40 PM
Specified cast is not valid.
Message


11/02/2015 3:01:50 PM
Incorrect syntax near ')'.
Message


11/02/2015 3:04:41 PM
Specified cast is not valid.
Message


11/02/2015 3:04:41 PM
Specified cast is not valid.
Message


11/02/2015 3:06:05 PM
Specified cast is not valid.
Message


11/02/2015 3:06:05 PM
Specified cast is not valid.
Message


11/02/2015 3:07:17 PM
Specified cast is not valid.
Message


11/02/2015 3:07:17 PM
Specified cast is not valid.
Message


11/02/2015 3:08:45 PM
Specified cast is not valid.
Message


11/02/2015 3:08:45 PM
Specified cast is not valid.
Message


11/02/2015 3:11:01 PM
Specified cast is not valid.
Message


11/02/2015 3:11:01 PM
Specified cast is not valid.
Message


11/02/2015 3:11:40 PM
Input string was not in a correct format.
Message


11/02/2015 3:12:42 PM
Input string was not in a correct format.
Message


11/02/2015 3:14:16 PM
Input string was not in a correct format.
Message


11/02/2015 3:15:21 PM
Specified cast is not valid.
Message


11/02/2015 3:15:21 PM
Specified cast is not valid.
Message


11/02/2015 3:15:31 PM
Incorrect syntax near ')'.
Message


11/02/2015 3:21:07 PM
Specified cast is not valid.
Message


11/02/2015 3:21:07 PM
Specified cast is not valid.
Message


11/02/2015 3:24:44 PM
Specified cast is not valid.
Message


11/02/2015 3:24:44 PM
Specified cast is not valid.
Message


11/02/2015 3:25:24 PM
Specified cast is not valid.
Message


11/02/2015 3:25:24 PM
Specified cast is not valid.
Message


11/02/2015 3:26:06 PM
Specified cast is not valid.
Message


11/02/2015 3:26:06 PM
Specified cast is not valid.
Message


11/02/2015 3:31:14 PM
Specified cast is not valid.
Message


11/02/2015 3:31:14 PM
Specified cast is not valid.
Message


11/02/2015 4:29:22 PM
Specified cast is not valid.
Message


11/02/2015 4:29:22 PM
Specified cast is not valid.
Message


11/02/2015 4:48:18 PM
Specified cast is not valid.
Message


11/02/2015 4:48:18 PM
Specified cast is not valid.
Message


11/02/2015 6:18:29 PM
Specified cast is not valid.
Message


11/02/2015 6:18:29 PM
Specified cast is not valid.
Message


11/02/2015 6:20:13 PM
Ambiguous column name 'IsActive'.
Error on updating the Role details


11/02/2015 6:21:25 PM
Specified cast is not valid.
Message


11/02/2015 6:21:25 PM
Specified cast is not valid.
Message


11/02/2015 6:25:48 PM
Specified cast is not valid.
Message


11/02/2015 6:25:48 PM
Specified cast is not valid.
Message


11/02/2015 6:31:16 PM
Specified cast is not valid.
Message


11/02/2015 6:31:16 PM
Specified cast is not valid.
Message


11/02/2015 6:31:37 PM
Input string was not in a correct format.
Message


11/02/2015 6:32:17 PM
Specified cast is not valid.
Message


11/02/2015 6:32:17 PM
Specified cast is not valid.
Message


11/02/2015 8:19:45 PM
Specified cast is not valid.
Message


11/02/2015 8:19:45 PM
Specified cast is not valid.
Message


11/02/2015 8:25:14 PM
Specified cast is not valid.
Message


11/02/2015 8:25:15 PM
Specified cast is not valid.
Message


11/02/2015 8:25:43 PM
Specified cast is not valid.
Message


11/02/2015 8:25:43 PM
Specified cast is not valid.
Message


11/02/2015 8:27:42 PM
Incorrect syntax near ')'.
Message


11/02/2015 8:27:54 PM
Specified cast is not valid.
Message


11/02/2015 8:27:54 PM
Specified cast is not valid.
Message


11/02/2015 8:33:56 PM
Specified cast is not valid.
Message


11/02/2015 8:33:56 PM
Specified cast is not valid.
Message


11/02/2015 8:34:27 PM
Specified cast is not valid.
Message


11/02/2015 8:34:27 PM
Specified cast is not valid.
Message


11/02/2015 8:34:52 PM
Specified cast is not valid.
Message


11/02/2015 8:34:52 PM
Specified cast is not valid.
Message


11/02/2015 8:36:32 PM
Specified cast is not valid.
Message


11/02/2015 8:36:32 PM
Specified cast is not valid.
Message


11/02/2015 8:47:59 PM
Specified cast is not valid.
Message


11/02/2015 8:47:59 PM
Specified cast is not valid.
Message


11/02/2015 8:52:40 PM
Specified cast is not valid.
Message


11/02/2015 8:52:40 PM
Specified cast is not valid.
Message


11/02/2015 8:53:53 PM
Specified cast is not valid.
Message


11/02/2015 8:53:53 PM
Specified cast is not valid.
Message

