
10/02/2015 11:27:07 AM
Specified cast is not valid.
Message


10/02/2015 11:27:13 AM
Specified cast is not valid.
Message


10/02/2015 11:58:16 AM
Specified cast is not valid.
Message


10/02/2015 11:58:32 AM
Specified cast is not valid.
Message


10/02/2015 12:02:29 PM
Specified cast is not valid.
Message


10/02/2015 12:02:34 PM
Specified cast is not valid.
Message


10/02/2015 12:04:35 PM
Specified cast is not valid.
Message


10/02/2015 12:04:40 PM
Specified cast is not valid.
Message


10/02/2015 12:05:22 PM
Input string was not in a correct format.
Message


10/02/2015 12:17:16 PM
Input string was not in a correct format.
Message


10/02/2015 12:20:05 PM
Specified cast is not valid.
Message


10/02/2015 12:20:14 PM
Specified cast is not valid.
Message


10/02/2015 12:20:31 PM
Input string was not in a correct format.
Message


10/02/2015 12:21:01 PM
Input string was not in a correct format.
Message


10/02/2015 12:21:39 PM
Input string was not in a correct format.
Message


10/02/2015 12:22:09 PM
Input string was not in a correct format.
Message


10/02/2015 12:24:45 PM
Specified cast is not valid.
Message


10/02/2015 12:24:45 PM
Specified cast is not valid.
Message


10/02/2015 12:25:47 PM
Input string was not in a correct format.
Message


10/02/2015 12:26:27 PM
Input string was not in a correct format.
Message


10/02/2015 12:27:42 PM
Input string was not in a correct format.
Message


10/02/2015 12:29:00 PM
Specified cast is not valid.
Message


10/02/2015 12:29:00 PM
Specified cast is not valid.
Message


10/02/2015 12:29:45 PM
Specified cast is not valid.
Message


10/02/2015 12:29:45 PM
Specified cast is not valid.
Message


10/02/2015 12:30:45 PM
Specified cast is not valid.
Message


10/02/2015 12:30:45 PM
Specified cast is not valid.
Message


10/02/2015 12:31:04 PM
Specified cast is not valid.
Message


10/02/2015 12:31:04 PM
Specified cast is not valid.
Message


10/02/2015 12:44:51 PM
Specified cast is not valid.
Message


10/02/2015 12:44:51 PM
Specified cast is not valid.
Message


10/02/2015 12:46:07 PM
Specified cast is not valid.
Message


10/02/2015 12:46:07 PM
Specified cast is not valid.
Message


10/02/2015 12:48:10 PM
Specified cast is not valid.
Message


10/02/2015 12:48:10 PM
Specified cast is not valid.
Message


10/02/2015 12:50:16 PM
Input string was not in a correct format.
Message


10/02/2015 12:55:03 PM
Specified cast is not valid.
Message


10/02/2015 12:55:03 PM
Specified cast is not valid.
Message


10/02/2015 12:55:37 PM
Specified cast is not valid.
Message


10/02/2015 12:55:37 PM
Specified cast is not valid.
Message


10/02/2015 12:56:34 PM
Specified cast is not valid.
Message


10/02/2015 12:56:35 PM
Specified cast is not valid.
Message


10/02/2015 12:56:46 PM
Input string was not in a correct format.
Message


10/02/2015 12:56:59 PM
Input string was not in a correct format.
Message


10/02/2015 12:57:21 PM
Input string was not in a correct format.
Message


10/02/2015 12:58:49 PM
Input string was not in a correct format.
Message


10/02/2015 1:01:13 PM
Specified cast is not valid.
Message


10/02/2015 1:01:13 PM
Specified cast is not valid.
Message


10/02/2015 1:01:52 PM
Specified cast is not valid.
Message


10/02/2015 1:01:52 PM
Specified cast is not valid.
Message


10/02/2015 1:05:10 PM
Specified cast is not valid.
Message


10/02/2015 1:05:10 PM
Specified cast is not valid.
Message


10/02/2015 1:05:48 PM
Input string was not in a correct format.
Message


10/02/2015 1:06:12 PM
Input string was not in a correct format.
Message


10/02/2015 1:06:56 PM
Specified cast is not valid.
Message


10/02/2015 1:06:57 PM
Specified cast is not valid.
Message


10/02/2015 1:07:07 PM
Specified cast is not valid.
Message


10/02/2015 1:07:07 PM
Specified cast is not valid.
Message


10/02/2015 1:07:15 PM
Input string was not in a correct format.
Message


10/02/2015 1:17:49 PM
Specified cast is not valid.
Message


10/02/2015 1:17:49 PM
Specified cast is not valid.
Message


10/02/2015 1:17:55 PM
Specified cast is not valid.
Message


10/02/2015 1:17:55 PM
Specified cast is not valid.
Message


10/02/2015 1:18:07 PM
Input string was not in a correct format.
Message


10/02/2015 1:24:16 PM
Invalid column name 'DateOfJoining'.
Invalid column name 'DateOfJoining'.
Invalid column name 'DateOfJoining'.
Invalid column name 'DateOfJoining'.
Invalid column name 'DateOfJoining'.
Invalid column name 'DateOfJoining'.
Invalid column name 'DateOfJoining'.
Message


10/02/2015 1:24:53 PM
Input string was not in a correct format.
Message


10/02/2015 1:26:06 PM
Invalid column name 'DateOfJoining'.
Invalid column name 'DateOfJoining'.
Invalid column name 'DateOfJoining'.
Invalid column name 'DateOfJoining'.
Invalid column name 'DateOfJoining'.
Invalid column name 'DateOfJoining'.
Invalid column name 'DateOfJoining'.
Message


10/02/2015 1:30:58 PM
Invalid column name 'DateOfJoining'.
Invalid column name 'DateOfJoining'.
Invalid column name 'DateOfJoining'.
Invalid column name 'DateOfJoining'.
Invalid column name 'DateOfJoining'.
Invalid column name 'DateOfJoining'.
Invalid column name 'DateOfJoining'.
Message


10/02/2015 1:32:21 PM
Specified cast is not valid.
Message


10/02/2015 1:32:21 PM
Specified cast is not valid.
Message


10/02/2015 1:33:09 PM
Input string was not in a correct format.
Message


10/02/2015 1:35:45 PM
Invalid column name 'DateOfRetairment'.
Invalid column name 'DateOfRetairment'.
Invalid column name 'DateOfRetairment'.
Invalid column name 'DateOfRetairment'.
Invalid column name 'DateOfRetairment'.
Invalid column name 'DateOfRetairment'.
Invalid column name 'DateOfRetairment'.
Message


10/02/2015 1:36:55 PM
Specified cast is not valid.
Message


10/02/2015 1:36:55 PM
Specified cast is not valid.
Message


10/02/2015 1:37:02 PM
Input string was not in a correct format.
Message


10/02/2015 1:44:08 PM
Specified cast is not valid.
Message


10/02/2015 1:44:08 PM
Specified cast is not valid.
Message


10/02/2015 1:44:19 PM
Input string was not in a correct format.
Message


10/02/2015 1:57:38 PM
Specified cast is not valid.
Message


10/02/2015 1:57:38 PM
Specified cast is not valid.
Message


10/02/2015 1:57:54 PM
Incorrect syntax near ')'.
Message


10/02/2015 2:08:52 PM
Specified cast is not valid.
Message


10/02/2015 2:08:52 PM
Specified cast is not valid.
Message


10/02/2015 2:09:05 PM
Incorrect syntax near ')'.
Message


10/02/2015 2:16:34 PM
Incorrect syntax near ')'.
Message


10/02/2015 2:16:54 PM
Specified cast is not valid.
Message


10/02/2015 2:16:54 PM
Specified cast is not valid.
Message


10/02/2015 2:18:00 PM
There is no row at position 0.
Message


10/02/2015 2:18:30 PM
There is no row at position 0.
Message


10/02/2015 2:25:11 PM
Specified cast is not valid.
Message


10/02/2015 2:25:11 PM
Specified cast is not valid.
Message


10/02/2015 2:29:21 PM
There is no row at position 0.
Message


10/02/2015 2:30:08 PM
There is no row at position 0.
Message


10/02/2015 2:46:09 PM
There is no row at position 0.
Message


10/02/2015 2:47:31 PM
There is no row at position 0.
Message


10/02/2015 2:48:46 PM
Specified cast is not valid.
Message


10/02/2015 2:48:46 PM
Specified cast is not valid.
Message


10/02/2015 2:48:53 PM
Specified cast is not valid.
Message


10/02/2015 2:48:53 PM
Specified cast is not valid.
Message


10/02/2015 2:50:44 PM
Specified cast is not valid.
Message


10/02/2015 2:50:44 PM
Specified cast is not valid.
Message


10/02/2015 2:51:34 PM
Input string was not in a correct format.
Message


10/02/2015 2:53:52 PM
Specified cast is not valid.
Message


10/02/2015 2:53:52 PM
Specified cast is not valid.
Message


10/02/2015 2:56:21 PM
Specified cast is not valid.
Message


10/02/2015 2:56:21 PM
Specified cast is not valid.
Message


10/02/2015 2:59:45 PM
Specified cast is not valid.
Message


10/02/2015 2:59:45 PM
Specified cast is not valid.
Message


10/02/2015 3:01:31 PM
Could not find file 'D:\kk\Projects\AltioStar\AltioStarHR\Templates\LoanNotify.htm'.
Error on updating the Role details


10/02/2015 3:03:08 PM
Specified cast is not valid.
Message


10/02/2015 3:03:08 PM
Specified cast is not valid.
Message


10/02/2015 5:07:20 PM
Specified cast is not valid.
Message


10/02/2015 5:07:20 PM
Specified cast is not valid.
Message


10/02/2015 5:09:28 PM
Specified cast is not valid.
Message


10/02/2015 5:09:29 PM
Specified cast is not valid.
Message


10/02/2015 5:09:40 PM
Object reference not set to an instance of an object.
Message


10/02/2015 5:10:40 PM
Specified cast is not valid.
Message


10/02/2015 5:10:41 PM
Specified cast is not valid.
Message


10/02/2015 5:11:14 PM
Object reference not set to an instance of an object.
Message


10/02/2015 5:12:08 PM
Specified cast is not valid.
Message


10/02/2015 5:12:09 PM
Specified cast is not valid.
Message


10/02/2015 5:40:29 PM
Object reference not set to an instance of an object.
Message


10/02/2015 5:46:10 PM
Specified cast is not valid.
Message


10/02/2015 5:46:10 PM
Specified cast is not valid.
Message


10/02/2015 6:21:16 PM
Invalid column name 'CandidateID'.
Invalid column name 'DepartmentID'.
Message


10/02/2015 6:23:45 PM
Specified cast is not valid.
Message


10/02/2015 6:23:45 PM
Specified cast is not valid.
Message


10/02/2015 6:24:14 PM
Specified cast is not valid.
Message


10/02/2015 6:24:14 PM
Specified cast is not valid.
Message


10/02/2015 6:24:27 PM
Specified cast is not valid.
Message


10/02/2015 6:24:27 PM
Specified cast is not valid.
Message


10/02/2015 6:25:02 PM
Specified cast is not valid.
Message


10/02/2015 6:25:02 PM
Specified cast is not valid.
Message


10/02/2015 6:25:36 PM
Invalid Role
   at HRManager.Entity.RoleMaster..ctor(Int32 ID) in D:\kk\Projects\AltioStar\HRManager\Entity\RoleMaster.cs:line 116
   at HRManager.Entity.LoanActivity.GetRequestedLoan(Int32 EmpID) in D:\kk\Projects\AltioStar\HRManager\Entity\LoanActivity.cs:line 460
   at HRManager.HRLoanManager.GetRequestedLoan(Int32 EmpID) in D:\kk\Projects\AltioStar\HRManager\HRManager\HRLoanManager.cs:line 43
   at HRManager.HRLoanRequestHandler.GetRequestedLoan(CommunicationObject RequestDataObject) in D:\kk\Projects\AltioStar\HRManager\HRRequestHandler\HRLoanRequestHandler.cs:line 974
   at HRManager.HRLoanRequestHandler.ProcessRequest(String RequestCommand, String RequestData) in D:\kk\Projects\AltioStar\HRManager\HRRequestHandler\HRLoanRequestHandler.cs:line 145

10/02/2015 6:26:48 PM
Invalid Role
   at HRManager.Entity.RoleMaster..ctor(Int32 ID) in D:\kk\Projects\AltioStar\HRManager\Entity\RoleMaster.cs:line 116
   at HRManager.Entity.LoanActivity.GetRequestedLoan(Int32 EmpID) in D:\kk\Projects\AltioStar\HRManager\Entity\LoanActivity.cs:line 460
   at HRManager.HRLoanManager.GetRequestedLoan(Int32 EmpID) in D:\kk\Projects\AltioStar\HRManager\HRManager\HRLoanManager.cs:line 43
   at HRManager.HRLoanRequestHandler.GetRequestedLoan(CommunicationObject RequestDataObject) in D:\kk\Projects\AltioStar\HRManager\HRRequestHandler\HRLoanRequestHandler.cs:line 974
   at HRManager.HRLoanRequestHandler.ProcessRequest(String RequestCommand, String RequestData) in D:\kk\Projects\AltioStar\HRManager\HRRequestHandler\HRLoanRequestHandler.cs:line 145

10/02/2015 6:27:29 PM
Specified cast is not valid.
Message


10/02/2015 6:27:29 PM
Specified cast is not valid.
Message


10/02/2015 6:29:36 PM
Invalid Role
   at HRManager.Entity.RoleMaster..ctor(Int32 ID) in D:\kk\Projects\AltioStar\HRManager\Entity\RoleMaster.cs:line 116
   at HRManager.Entity.LoanActivity.GetRequestedLoan(Int32 EmpID) in D:\kk\Projects\AltioStar\HRManager\Entity\LoanActivity.cs:line 460
   at HRManager.HRLoanManager.GetRequestedLoan(Int32 EmpID) in D:\kk\Projects\AltioStar\HRManager\HRManager\HRLoanManager.cs:line 43
   at HRManager.HRLoanRequestHandler.GetRequestedLoan(CommunicationObject RequestDataObject) in D:\kk\Projects\AltioStar\HRManager\HRRequestHandler\HRLoanRequestHandler.cs:line 974
   at HRManager.HRLoanRequestHandler.ProcessRequest(String RequestCommand, String RequestData) in D:\kk\Projects\AltioStar\HRManager\HRRequestHandler\HRLoanRequestHandler.cs:line 145

10/02/2015 6:39:21 PM
Specified cast is not valid.
Message


10/02/2015 6:39:21 PM
Specified cast is not valid.
Message

