
08/26/2014 10:56:02 AM
Specified cast is not valid.
Message


08/26/2014 10:56:03 AM
Specified cast is not valid.
Message


08/26/2014 10:59:10 AM
Specified cast is not valid.
Message


08/26/2014 10:59:10 AM
Specified cast is not valid.
Message


08/26/2014 11:22:12 AM
Specified cast is not valid.
Message


08/26/2014 11:22:12 AM
Specified cast is not valid.
Message


08/26/2014 11:48:44 AM
A network-related or instance-specific error occurred while establishing a connection to SQL Server. The server was not found or was not accessible. Verify that the instance name is correct and that SQL Server is configured to allow remote connections. (provider: TCP Provider, error: 0 - The requested name is valid, but no data of the requested type was found.)
Message


08/26/2014 11:54:11 AM
A network-related or instance-specific error occurred while establishing a connection to SQL Server. The server was not found or was not accessible. Verify that the instance name is correct and that SQL Server is configured to allow remote connections. (provider: TCP Provider, error: 0 - The requested name is valid, but no data of the requested type was found.)
Message


08/26/2014 11:56:40 AM
A network-related or instance-specific error occurred while establishing a connection to SQL Server. The server was not found or was not accessible. Verify that the instance name is correct and that SQL Server is configured to allow remote connections. (provider: TCP Provider, error: 0 - A connection attempt failed because the connected party did not properly respond after a period of time, or established connection failed because connected host has failed to respond.)
Message


08/26/2014 11:57:12 AM
A network-related or instance-specific error occurred while establishing a connection to SQL Server. The server was not found or was not accessible. Verify that the instance name is correct and that SQL Server is configured to allow remote connections. (provider: TCP Provider, error: 0 - A connection attempt failed because the connected party did not properly respond after a period of time, or established connection failed because connected host has failed to respond.)
Message


08/26/2014 12:03:20 PM
Specified cast is not valid.
Message


08/26/2014 12:03:20 PM
Specified cast is not valid.
Message

