
16/02/2015 9:25:56 AM
Specified cast is not valid.
Message


16/02/2015 9:25:56 AM
Specified cast is not valid.
Message


16/02/2015 9:28:37 AM
Specified cast is not valid.
Message


16/02/2015 9:28:38 AM
Specified cast is not valid.
Message


16/02/2015 10:06:37 AM
Specified cast is not valid.
Message


16/02/2015 10:07:07 AM
Specified cast is not valid.
Message


16/02/2015 10:07:07 AM
Specified cast is not valid.
Message


16/02/2015 10:09:49 AM
Specified cast is not valid.
Message


16/02/2015 10:09:49 AM
Specified cast is not valid.
Message


16/02/2015 10:35:56 AM
Specified cast is not valid.
Message


16/02/2015 10:35:56 AM
Specified cast is not valid.
Message


16/02/2015 10:44:57 AM
Specified cast is not valid.
Message


16/02/2015 10:44:57 AM
Specified cast is not valid.
Message


16/02/2015 10:48:45 AM
SqlDateTime overflow. Must be between 1/1/1753 12:00:00 AM and 12/31/9999 11:59:59 PM.
Error on updating the Relation details


16/02/2015 10:51:47 AM
Specified cast is not valid.
Message


16/02/2015 10:51:47 AM
Specified cast is not valid.
Message


16/02/2015 10:55:19 AM
SqlDateTime overflow. Must be between 1/1/1753 12:00:00 AM and 12/31/9999 11:59:59 PM.
Error on updating the Relation details


16/02/2015 11:09:22 AM
Specified cast is not valid.
Message


16/02/2015 11:09:23 AM
Specified cast is not valid.
Message


16/02/2015 11:12:55 AM
SqlDateTime overflow. Must be between 1/1/1753 12:00:00 AM and 12/31/9999 11:59:59 PM.
Error on updating the Relation details


16/02/2015 11:13:35 AM
Specified cast is not valid.
Message


16/02/2015 11:13:35 AM
Specified cast is not valid.
Message


16/02/2015 11:14:19 AM
Specified cast is not valid.
Message


16/02/2015 11:14:20 AM
Specified cast is not valid.
Message


16/02/2015 11:17:44 AM
SqlDateTime overflow. Must be between 1/1/1753 12:00:00 AM and 12/31/9999 11:59:59 PM.
Error on updating the Relation details


16/02/2015 11:24:49 AM
Specified cast is not valid.
Message


16/02/2015 11:24:50 AM
Specified cast is not valid.
Message


16/02/2015 11:27:10 AM
SqlDateTime overflow. Must be between 1/1/1753 12:00:00 AM and 12/31/9999 11:59:59 PM.
Error on updating the Relation details


16/02/2015 11:47:32 AM
Specified cast is not valid.
Message


16/02/2015 11:47:32 AM
Specified cast is not valid.
Message


16/02/2015 12:02:43 PM
Specified cast is not valid.
Message


16/02/2015 12:02:43 PM
Specified cast is not valid.
Message


16/02/2015 12:14:16 PM
Specified cast is not valid.
Message


16/02/2015 12:14:16 PM
Specified cast is not valid.
Message


16/02/2015 1:10:05 PM
Specified cast is not valid.
Message


16/02/2015 1:10:05 PM
Specified cast is not valid.
Message


16/02/2015 4:23:23 PM
Specified cast is not valid.
Message


16/02/2015 4:23:23 PM
Specified cast is not valid.
Message


16/02/2015 5:10:58 PM
Specified cast is not valid.
Message


16/02/2015 5:10:59 PM
Specified cast is not valid.
Message

