

03/01/2012  12:25:03 PM
Thread 20554616 Waiting 
		


03/01/2012  12:25:04 PM
Thread 20554616 Entered 
		


03/01/2012  12:25:06 PM
Thread 20554616: Retrieving Pending Transactions 
		


03/01/2012  12:25:07 PM
Thread 20554616: Retrieved 100 Pending Transactions 
		


03/01/2012  12:25:07 PM
Thread 20554616: Retrieving Entry Details 
		


03/01/2012  12:25:08 PM
Thread 20554616: Retrieved Entry Details 
		


03/01/2012  12:25:09 PM
Thread 20554616 Processing Entry 640
		


03/01/2012  12:25:10 PM
Thread 20554616 Processing Entry 642
		


03/01/2012  12:25:10 PM
Thread 20554616 Processing Entry 644
		


03/01/2012  12:25:10 PM
Thread 20554616 Processing Entry 645
		


03/01/2012  12:25:10 PM
Thread 20554616 Processing Entry 648
		


03/01/2012  12:25:10 PM
Thread 20554616 Processing Entry 650
		


03/01/2012  12:25:10 PM
Thread 20554616 Processing Entry 651
		


03/01/2012  12:25:10 PM
Thread 20554616 Processing Entry 652
		


03/01/2012  12:25:10 PM
Thread 20554616 Processing Entry 653
		


03/01/2012  12:25:10 PM
Thread 20554616 Processing Entry 654
		


03/01/2012  12:25:10 PM
Thread 20554616 Processing Entry 655
		


03/01/2012  12:25:10 PM
Thread 20554616 Processing Entry 656
		


03/01/2012  12:25:10 PM
Thread 20554616 Processing Entry 657
		


03/01/2012  12:25:10 PM
Thread 20554616 Processing Entry 658
		


03/01/2012  12:25:10 PM
Thread 20554616 Processing Entry 659
		


03/01/2012  12:25:10 PM
Thread 20554616 Processing Entry 660
		


03/01/2012  12:25:10 PM
Thread 20554616 Processing Entry 661
		


03/01/2012  12:25:10 PM
Thread 20554616 Processing Entry 662
		


03/01/2012  12:25:10 PM
Thread 20554616 Processing Entry 663
		


03/01/2012  12:25:10 PM
Thread 20554616 Processing Entry 664
		


03/01/2012  12:25:10 PM
Thread 20554616 Processing Entry 667
		


03/01/2012  12:25:10 PM
Thread 20554616 Processing Entry 668
		


03/01/2012  12:25:10 PM
Thread 20554616 Processing Entry 669
		


03/01/2012  12:25:10 PM
Thread 20554616 Processing Entry 670
		


03/01/2012  12:25:10 PM
Thread 20554616 Processing Entry 671
		


03/01/2012  12:25:10 PM
Thread 20554616 Processing Entry 672
		


03/01/2012  12:25:11 PM
Thread 20554616 Processing Entry 673
		


03/01/2012  12:25:11 PM
Thread 20554616 Processing Entry 674
		


03/01/2012  12:25:11 PM
Thread 20554616 Processing Entry 675
		


03/01/2012  12:25:11 PM
Thread 20554616 Processing Entry 676
		


03/01/2012  12:25:11 PM
Thread 20554616 Processing Entry 677
		


03/01/2012  12:25:11 PM
Thread 20554616 Processing Entry 678
		


03/01/2012  12:25:11 PM
Thread 20554616 Processing Entry 679
		


03/01/2012  12:25:11 PM
Thread 20554616 Processing Entry 681
		


03/01/2012  12:25:11 PM
Thread 20554616 Processing Entry 682
		


03/01/2012  12:25:11 PM
Thread 20554616 Processing Entry 683
		


03/01/2012  12:25:11 PM
Thread 20554616 Processing Entry 684
		


03/01/2012  12:25:11 PM
Thread 20554616 Processing Entry 685
		


03/01/2012  12:25:11 PM
Thread 20554616 Processing Entry 688
		


03/01/2012  12:25:11 PM
Thread 20554616 Processing Entry 689
		


03/01/2012  12:25:11 PM
Thread 20554616 Processing Entry 690
		


03/01/2012  12:25:11 PM
Thread 20554616 Processing Entry 693
		


03/01/2012  12:25:11 PM
Thread 20554616 Processing Entry 694
		


03/01/2012  12:25:11 PM
Thread 20554616 Processing Entry 695
		


03/01/2012  12:25:11 PM
Thread 20554616 Processing Entry 696
		


03/01/2012  12:25:11 PM
Thread 20554616 Processing Entry 697
		


03/01/2012  12:25:11 PM
Thread 20554616 Processing Entry 698
		


03/01/2012  12:25:11 PM
Thread 20554616 Processing Entry 699
		


03/01/2012  12:25:11 PM
Thread 20554616 Processing Entry 700
		


03/01/2012  12:25:11 PM
Thread 20554616 Processing Entry 701
		


03/01/2012  12:25:11 PM
Thread 20554616 Processing Entry 702
		


03/01/2012  12:25:11 PM
Thread 20554616 Processing Entry 703
		


03/01/2012  12:25:11 PM
Thread 20554616 Processing Entry 706
		


03/01/2012  12:25:12 PM
Thread 20554616 Processing Entry 708
		


03/01/2012  12:25:12 PM
Thread 20554616 Processing Entry 712
		


03/01/2012  12:25:12 PM
Thread 20554616 Processing Entry 714
		


03/01/2012  12:25:12 PM
Thread 20554616 Processing Entry 715
		


03/01/2012  12:25:12 PM
Thread 20554616 Processing Entry 716
		


03/01/2012  12:25:12 PM
Thread 20554616 Processing Entry 717
		


03/01/2012  12:25:12 PM
Thread 20554616 Processing Entry 718
		


03/01/2012  12:25:12 PM
Thread 20554616 Processing Entry 721
		


03/01/2012  12:25:12 PM
Thread 20554616 Processing Entry 724
		


03/01/2012  12:25:12 PM
Thread 20554616 Processing Entry 726
		


03/01/2012  12:25:12 PM
Thread 20554616 Processing Entry 727
		


03/01/2012  12:25:12 PM
Thread 20554616 Processing Entry 729
		


03/01/2012  12:25:12 PM
Thread 20554616 Processing Entry 730
		


03/01/2012  12:25:12 PM
Thread 20554616 Processing Entry 731
		


03/01/2012  12:25:12 PM
Thread 20554616 Processing Entry 732
		


03/01/2012  12:25:12 PM
Thread 20554616 Processing Entry 733
		


03/01/2012  12:25:12 PM
Thread 20554616 Processing Entry 734
		


03/01/2012  12:25:12 PM
Thread 20554616 Processing Entry 736
		


03/01/2012  12:25:12 PM
Thread 20554616 Processing Entry 738
		


03/01/2012  12:25:12 PM
Thread 20554616 Updating Tally Table 
		


03/01/2012  12:25:14 PM
Thread 20554616 Updated Tally Table 
		


03/01/2012  12:25:14 PM
Thread 20554616: Retrieving Pending Transactions 
		


03/01/2012  12:25:14 PM
Thread 20554616: Retrieved 12 Pending Transactions 
		


03/01/2012  12:25:14 PM
Thread 20554616: Retrieving Entry Details 
		


03/01/2012  12:25:14 PM
Thread 20554616: Retrieved Entry Details 
		


03/01/2012  12:25:15 PM
Thread 20554616 Processing Entry 740
		


03/01/2012  12:25:15 PM
Thread 20554616 Processing Entry 742
		


03/01/2012  12:25:15 PM
Thread 20554616 Processing Entry 744
		


03/01/2012  12:25:15 PM
Thread 20554616 Processing Entry 746
		


03/01/2012  12:25:15 PM
Thread 20554616 Processing Entry 747
		


03/01/2012  12:25:15 PM
Thread 20554616 Processing Entry 748
		


03/01/2012  12:25:15 PM
Thread 20554616 Processing Entry 749
		


03/01/2012  12:25:15 PM
Thread 20554616 Processing Entry 750
		


03/01/2012  12:25:15 PM
Thread 20554616 Processing Entry 751
		


03/01/2012  12:25:15 PM
Thread 20554616 Updating Tally Table 
		


03/01/2012  12:25:15 PM
Thread 20554616 Updated Tally Table 
		


03/01/2012  12:25:15 PM
Thread 20554616: Retrieving Pending Transactions 
		


03/01/2012  12:25:15 PM
Thread 20554616: Retrieved 0 Pending Transactions 
		


03/01/2012  12:25:15 PM
Thread 20554616 Released 
		
