

30-08-2011 16:08:56
Thread 36610825 Waiting 
		


30-08-2011 16:08:59
Thread 36610825 Entered 
		


30-08-2011 16:09:01
Thread 36610825: Retrieving Pending Transactions 
		


30-08-2011 16:09:28
Thread 36610825: Retrieved 21 Pending Transactions 
		


30-08-2011 16:09:31
Thread 36610825: Retrieving Entry Details 
		


30-08-2011 16:09:36
Thread 36610825: Retrieved Entry Details 
		


30-08-2011 16:09:40
Thread 36610825 Processing Entry 266320
		


30-08-2011 16:12:32
Thread 36610825 Processing Entry 266321
		


30-08-2011 16:12:37
Thread 36610825 Released 
		


30-08-2011 16:12:37
Thread 36610825 Processing Entry 266322
		


30-08-2011 16:12:43
Created Ledger:GYM CHARGESGYM Alias:GYM CHARGES Under Group:Direct Incomes
		


30-08-2011 16:12:44
Thread 36610825 Processing Entry 266323
		


30-08-2011 16:12:44
Thread 36610825 Processing Entry 266324
		


30-08-2011 16:12:45
Thread 36610825 Processing Entry 266325
		


30-08-2011 16:13:02
Thread 36610825 Processing Entry 266326
		


30-08-2011 16:13:03
Thread 36610825 Processing Entry 266327
		


30-08-2011 16:13:08
Thread 36610825 Processing Entry 266328
		


30-08-2011 16:13:09
Thread 36610825 Processing Entry 266329
		


30-08-2011 16:13:09
Thread 36610825 Processing Entry 266330
		


30-08-2011 16:13:10
Thread 36610825 Processing Entry 266331
		


30-08-2011 16:13:10
Thread 36610825 Processing Entry 266332
		


30-08-2011 16:13:11
Thread 36610825 Processing Entry 266333
		


30-08-2011 16:13:11
Thread 36610825 Processing Entry 266334
		


30-08-2011 16:13:12
Thread 36610825 Released 
		


30-08-2011 16:13:12
Thread 36610825 Processing Entry 266335
		


30-08-2011 16:13:12
Thread 36610825 Processing Entry 266336
		


30-08-2011 16:13:13
Thread 36610825 Processing Entry 266337
		


30-08-2011 16:13:14
Thread 36610825 Processing Entry 266338
		


30-08-2011 16:13:14
Thread 36610825 Processing Entry 266339
		


30-08-2011 16:13:15
Thread 36610825 Processing Entry 266340
		


30-08-2011 16:13:15
Thread 36610825 Released 
		


30-08-2011 16:13:15
Thread 36610825 Updating Tally Table 
		


30-08-2011 16:13:16
Thread 36610825 Updated Tally Table 
		


30-08-2011 16:13:16
Thread 36610825: Retrieving Pending Transactions 
		


30-08-2011 16:13:16
Thread 36610825: Retrieved 0 Pending Transactions 
		


30-08-2011 16:13:16
Thread 36610825 Released 
		


30-08-2011 17:37:05
Thread 27778196 Waiting 
		


30-08-2011 17:37:05
Thread 27778196 Entered 
		


30-08-2011 17:37:05
Thread 27778196: Retrieving Pending Transactions 
		


30-08-2011 17:37:10
Thread 27778196: Retrieved 5 Pending Transactions 
		


30-08-2011 17:37:10
Thread 27778196: Retrieving Entry Details 
		


30-08-2011 17:37:10
Thread 27778196: Retrieved Entry Details 
		


30-08-2011 17:37:10
Thread 27778196 Processing Entry 266347
		


30-08-2011 17:37:17
Thread 27778196 Processing Entry 266348
		


30-08-2011 17:37:17
Thread 27778196 Processing Entry 266349
		


30-08-2011 17:37:18
Thread 27778196 Processing Entry 266350
		


30-08-2011 17:37:18
Thread 27778196 Processing Entry 266351
		


30-08-2011 17:37:19
Thread 27778196 Updating Tally Table 
		


30-08-2011 17:37:19
Thread 27778196 Updated Tally Table 
		


30-08-2011 17:37:19
Thread 27778196: Retrieving Pending Transactions 
		


30-08-2011 17:37:19
Thread 27778196: Retrieved 0 Pending Transactions 
		


30-08-2011 17:37:19
Thread 27778196 Released 
		


30-08-2011 17:42:30
Thread 4718933 Waiting 
		


30-08-2011 17:42:30
Thread 4718933 Released 
		


30-08-2011 17:42:41
Thread 5868248 Waiting 
		


30-08-2011 17:42:41
Thread 5868248 Entered 
		


30-08-2011 17:42:41
Thread 5868248: Retrieving Pending Transactions 
		


30-08-2011 17:42:45
Thread 5868248: Retrieved 1 Pending Transactions 
		


30-08-2011 17:42:45
Thread 5868248: Retrieving Entry Details 
		


30-08-2011 17:42:46
Thread 5868248: Retrieved Entry Details 
		


30-08-2011 17:42:46
Thread 5868248 Processing Entry 266352
		


30-08-2011 17:42:46
Thread 5868248 Updating Tally Table 
		


30-08-2011 17:42:47
Thread 5868248 Updated Tally Table 
		


30-08-2011 17:42:47
Thread 5868248: Retrieving Pending Transactions 
		


30-08-2011 17:42:47
Thread 5868248: Retrieved 0 Pending Transactions 
		


30-08-2011 17:42:47
Thread 5868248 Released 
		
