

05/01/2012  09:40:31 AM
Thread 56140151 Waiting 
		


05/01/2012  09:40:37 AM
Thread 56140151 Entered 
		


05/01/2012  09:42:56 AM
Thread 56140151: Retrieving Pending Transactions 
		


05/01/2012  09:42:58 AM
Thread 56140151: Retrieved 8 Pending Transactions 
		


05/01/2012  09:42:59 AM
Thread 56140151: Retrieving Entry Details 
		


05/01/2012  09:43:01 AM
Thread 56140151: Retrieved Entry Details 
		


05/01/2012  09:43:01 AM
Thread 56140151 Processing Entry 766
		


05/01/2012  09:43:04 AM
Thread 56140151 Processing Entry 767
		


05/01/2012  09:43:05 AM
Thread 56140151 Processing Entry 768
		


05/01/2012  09:43:06 AM
Thread 56140151 Processing Entry 769
		


05/01/2012  09:43:07 AM
Thread 56140151 Processing Entry 770
		


05/01/2012  09:43:13 AM
Thread 56140151 Processing Entry 771
		


05/01/2012  09:43:13 AM
Thread 56140151 Updating Tally Table 
		


05/01/2012  09:43:13 AM
Thread 56140151 Updated Tally Table 
		


05/01/2012  09:43:13 AM
Thread 56140151: Retrieving Pending Transactions 
		


05/01/2012  09:43:13 AM
Thread 56140151: Retrieved 0 Pending Transactions 
		


05/01/2012  09:43:13 AM
Thread 56140151 Released 
		


05/01/2012  09:43:29 AM
Thread 49428546 Waiting 
		


05/01/2012  09:43:29 AM
Thread 49428546 Released 
		


05/01/2012  09:43:38 AM
Thread 46853828 Waiting 
		


05/01/2012  09:43:38 AM
Thread 46853828 Entered 
		


05/01/2012  09:43:38 AM
Thread 46853828: Retrieving Pending Transactions 
		


05/01/2012  09:43:38 AM
Thread 46853828: Retrieved 8 Pending Transactions 
		


05/01/2012  09:43:38 AM
Thread 46853828: Retrieving Entry Details 
		


05/01/2012  09:43:38 AM
Thread 46853828: Retrieved Entry Details 
		


05/01/2012  09:43:38 AM
Thread 46853828 Processing Entry 766
		


05/01/2012  09:43:38 AM
Thread 46853828 Processing Entry 767
		


05/01/2012  09:43:38 AM
Thread 46853828 Processing Entry 768
		


05/01/2012  09:43:38 AM
Thread 46853828 Processing Entry 769
		


05/01/2012  09:43:38 AM
Thread 46853828 Processing Entry 770
		


05/01/2012  09:43:38 AM
Thread 46853828 Processing Entry 771
		


05/01/2012  09:43:38 AM
Thread 46853828 Updating Tally Table 
		


05/01/2012  09:43:38 AM
Thread 46853828 Updated Tally Table 
		


05/01/2012  09:43:38 AM
Thread 46853828: Retrieving Pending Transactions 
		


05/01/2012  09:43:38 AM
Thread 46853828: Retrieved 0 Pending Transactions 
		


05/01/2012  09:43:38 AM
Thread 46853828 Released 
		


05/01/2012  09:47:02 AM
Thread 43257534 Waiting 
		


05/01/2012  09:47:02 AM
Thread 43257534 Entered 
		


05/01/2012  09:47:02 AM
Thread 43257534: Retrieving Pending Transactions 
		


05/01/2012  09:47:02 AM
Thread 43257534: Retrieved 1 Pending Transactions 
		


05/01/2012  09:47:02 AM
Thread 43257534: Retrieving Entry Details 
		


05/01/2012  09:47:02 AM
Thread 43257534: Retrieved Entry Details 
		


05/01/2012  09:47:02 AM
Thread 43257534 Processing Entry 773
		


05/01/2012  09:47:02 AM
Thread 43257534 Updating Tally Table 
		


05/01/2012  09:47:02 AM
Thread 43257534 Updated Tally Table 
		


05/01/2012  09:47:02 AM
Thread 43257534 Released 
		


05/01/2012  09:47:26 AM
Thread 37088038 Waiting 
		


05/01/2012  09:47:26 AM
Thread 37088038 Entered 
		


05/01/2012  09:47:26 AM
Thread 37088038: Retrieving Pending Transactions 
		


05/01/2012  09:47:26 AM
Thread 37088038: Retrieved 1 Pending Transactions 
		


05/01/2012  09:47:26 AM
Thread 37088038: Retrieving Entry Details 
		


05/01/2012  09:47:26 AM
Thread 37088038: Retrieved Entry Details 
		


05/01/2012  09:47:26 AM
Thread 37088038 Processing Entry 773
		


05/01/2012  09:47:47 AM
Thread 37088038 Updating Tally Table 
		


05/01/2012  09:47:47 AM
Thread 37088038 Updated Tally Table 
		


05/01/2012  09:47:47 AM
Thread 37088038 Released 
		


05/01/2012  09:49:11 AM
Thread 7185836 Waiting 
		


05/01/2012  09:49:11 AM
Thread 7185836 Entered 
		


05/01/2012  09:49:11 AM
Thread 7185836: Retrieving Pending Transactions 
		


05/01/2012  09:49:11 AM
Thread 7185836: Retrieved 1 Pending Transactions 
		


05/01/2012  09:49:11 AM
Thread 7185836: Retrieving Entry Details 
		


05/01/2012  09:49:11 AM
Thread 7185836: Retrieved Entry Details 
		


05/01/2012  09:49:11 AM
Thread 7185836 Processing Entry 773
		


05/01/2012  09:49:12 AM
Created Ledger:Member Control Account Alias:Member Control Account(MCA) Under Group:Sundry Debtors
		


05/01/2012  09:49:12 AM
Thread 7185836 Updating Tally Table 
		


05/01/2012  09:49:12 AM
Thread 7185836 Updated Tally Table 
		


05/01/2012  09:49:12 AM
Thread 7185836 Released 
		


05/01/2012  09:49:38 AM
Thread 23590752 Waiting 
		


05/01/2012  09:49:44 AM
Thread 23590752 Entered 
		


05/01/2012  09:50:04 AM
Thread 23590752: Retrieving Pending Transactions 
		


05/01/2012  09:50:09 AM
Thread 23590752: Retrieved 1 Pending Transactions 
		


05/01/2012  09:50:11 AM
Thread 23590752: Retrieving Entry Details 
		


05/01/2012  09:50:11 AM
Thread 23590752: Retrieved Entry Details 
		


05/01/2012  09:50:12 AM
Thread 23590752 Processing Entry 773
		


05/01/2012  09:50:14 AM
Thread 23590752 Updating Tally Table 
		


05/01/2012  09:50:14 AM
Thread 23590752 Updated Tally Table 
		


05/01/2012  09:50:14 AM
Thread 23590752 Released 
		


05/01/2012  09:50:28 AM
Thread 399557 Waiting 
		


05/01/2012  09:50:45 AM
Thread 399557 Entered 
		


05/01/2012  09:50:45 AM
Thread 399557: Retrieving Pending Transactions 
		


05/01/2012  09:50:45 AM
Thread 399557: Retrieved 1 Pending Transactions 
		


05/01/2012  09:50:45 AM
Thread 399557: Retrieving Entry Details 
		


05/01/2012  09:51:03 AM
Thread 399557: Retrieved Entry Details 
		


05/01/2012  09:51:14 AM
Thread 399557 Processing Entry 773
		


05/01/2012  09:55:02 AM
Thread 399557 Updating Tally Table 
		


05/01/2012  09:55:05 AM
Thread 399557 Updated Tally Table 
		


05/01/2012  09:55:08 AM
Thread 399557 Released 
		


05/01/2012  09:55:20 AM
Thread 57275243 Waiting 
		


05/01/2012  09:55:22 AM
Thread 57275243 Entered 
		


05/01/2012  09:55:22 AM
Thread 57275243: Retrieving Pending Transactions 
		


05/01/2012  09:55:22 AM
Thread 57275243: Retrieved 1 Pending Transactions 
		


05/01/2012  09:55:22 AM
Thread 57275243: Retrieving Entry Details 
		


05/01/2012  09:55:33 AM
Thread 57275243: Retrieved Entry Details 
		


05/01/2012  09:55:41 AM
Thread 57275243 Processing Entry 773
		


05/01/2012  09:56:57 AM
Thread 57275243 Updating Tally Table 
		


05/01/2012  09:56:57 AM
Thread 57275243 Updated Tally Table 
		


05/01/2012  09:56:57 AM
Thread 57275243 Released 
		


05/01/2012  09:57:02 AM
Thread 929558 Waiting 
		


05/01/2012  09:57:02 AM
Thread 929558 Entered 
		


05/01/2012  09:57:02 AM
Thread 929558: Retrieving Pending Transactions 
		


05/01/2012  09:57:02 AM
Thread 929558: Retrieved 1 Pending Transactions 
		


05/01/2012  09:57:02 AM
Thread 929558: Retrieving Entry Details 
		


05/01/2012  09:57:03 AM
Thread 929558: Retrieved Entry Details 
		


05/01/2012  09:57:03 AM
Thread 929558 Processing Entry 773
		


05/01/2012  09:58:59 AM
Thread 929558 Updating Tally Table 
		


05/01/2012  09:58:59 AM
Thread 929558 Updated Tally Table 
		


05/01/2012  09:58:59 AM
Thread 929558 Released 
		


05/01/2012  09:59:04 AM
Thread 55383689 Waiting 
		


05/01/2012  09:59:04 AM
Thread 55383689 Entered 
		


05/01/2012  09:59:04 AM
Thread 55383689: Retrieving Pending Transactions 
		


05/01/2012  09:59:04 AM
Thread 55383689: Retrieved 1 Pending Transactions 
		


05/01/2012  09:59:04 AM
Thread 55383689: Retrieving Entry Details 
		


05/01/2012  09:59:05 AM
Thread 55383689: Retrieved Entry Details 
		


05/01/2012  09:59:05 AM
Thread 55383689 Processing Entry 773
		


05/01/2012  09:59:14 AM
Thread 55383689 Updating Tally Table 
		


05/01/2012  09:59:14 AM
Thread 55383689 Updated Tally Table 
		


05/01/2012  09:59:14 AM
Thread 55383689 Released 
		


05/01/2012  09:59:30 AM
Thread 53144917 Waiting 
		


05/01/2012  09:59:30 AM
Thread 53144917 Entered 
		


05/01/2012  09:59:30 AM
Thread 53144917: Retrieving Pending Transactions 
		


05/01/2012  09:59:30 AM
Thread 53144917: Retrieved 1 Pending Transactions 
		


05/01/2012  09:59:30 AM
Thread 53144917: Retrieving Entry Details 
		


05/01/2012  09:59:30 AM
Thread 53144917: Retrieved Entry Details 
		


05/01/2012  09:59:30 AM
Thread 53144917 Processing Entry 773
		


05/01/2012  09:59:44 AM
Thread 53144917 Updating Tally Table 
		


05/01/2012  09:59:44 AM
Thread 53144917 Updated Tally Table 
		


05/01/2012  09:59:44 AM
Thread 53144917 Released 
		


05/01/2012  10:00:28 AM
Thread 56140151 Waiting 
		


05/01/2012  10:00:28 AM
Thread 56140151 Entered 
		


05/01/2012  10:00:28 AM
Thread 56140151: Retrieving Pending Transactions 
		


05/01/2012  10:00:28 AM
Thread 56140151: Retrieved 1 Pending Transactions 
		


05/01/2012  10:00:28 AM
Thread 56140151: Retrieving Entry Details 
		


05/01/2012  10:00:29 AM
Thread 56140151: Retrieved Entry Details 
		


05/01/2012  10:00:29 AM
Thread 56140151 Processing Entry 773
		


05/01/2012  10:00:32 AM
Created Ledger:CASH ACCOUNT Alias:CASH ACOUNT(CSH) Under Group:Cash-in-hand
		


05/01/2012  10:00:33 AM
Thread 56140151 Updating Tally Table 
		


05/01/2012  10:00:33 AM
Thread 56140151 Updated Tally Table 
		


05/01/2012  10:00:33 AM
Thread 56140151: Retrieving Pending Transactions 
		


05/01/2012  10:00:33 AM
Thread 56140151: Retrieved 0 Pending Transactions 
		


05/01/2012  10:00:33 AM
Thread 56140151 Released 
		
