

04/01/2012  02:08:07 PM
Thread 35320229 Waiting 
		


04/01/2012  02:08:07 PM
Thread 35320229 Entered 
		


04/01/2012  02:08:07 PM
Thread 35320229: Retrieving Pending Transactions 
		


04/01/2012  02:08:07 PM
Thread 35320229: Retrieved 6 Pending Transactions 
		


04/01/2012  02:08:07 PM
Thread 35320229: Retrieving Entry Details 
		


04/01/2012  02:08:07 PM
Thread 35320229: Retrieved Entry Details 
		


04/01/2012  02:08:08 PM
Thread 35320229 Processing Entry 766
		


04/01/2012  02:08:08 PM
Thread 35320229 Processing Entry 767
		


04/01/2012  02:08:08 PM
Thread 35320229 Processing Entry 768
		


04/01/2012  02:08:08 PM
Thread 35320229 Processing Entry 769
		


04/01/2012  02:08:08 PM
Thread 35320229 Processing Entry 770
		


04/01/2012  02:08:08 PM
Thread 35320229 Processing Entry 771
		


04/01/2012  02:08:08 PM
Thread 35320229 Updating Tally Table 
		


04/01/2012  02:08:08 PM
Thread 35320229 Updated Tally Table 
		


04/01/2012  02:08:08 PM
Thread 35320229: Retrieving Pending Transactions 
		


04/01/2012  02:08:08 PM
Thread 35320229: Retrieved 0 Pending Transactions 
		


04/01/2012  02:08:08 PM
Thread 35320229 Released 
		


04/01/2012  03:11:04 PM
Thread 56140151 Waiting 
		


04/01/2012  03:11:07 PM
Thread 56140151 Entered 
		


04/01/2012  03:11:36 PM
Thread 56140151: Retrieving Pending Transactions 
		


04/01/2012  03:11:36 PM
Thread 56140151: Retrieved 6 Pending Transactions 
		


04/01/2012  03:11:36 PM
Thread 56140151: Retrieving Entry Details 
		


04/01/2012  03:11:36 PM
Thread 56140151: Retrieved Entry Details 
		


04/01/2012  03:11:36 PM
Thread 56140151 Processing Entry 766
		
