

31-08-2011 10:29:19
Thread 35320229 Waiting 
		


31-08-2011 10:29:19
Thread 35320229 Entered 
		


31-08-2011 10:29:19
Thread 35320229: Retrieving Pending Transactions 
		


31-08-2011 10:29:23
Thread 35320229: Retrieved 1 Pending Transactions 
		


31-08-2011 10:29:23
Thread 35320229: Retrieving Entry Details 
		


31-08-2011 10:29:23
Thread 35320229: Retrieved Entry Details 
		


31-08-2011 10:29:23
Thread 35320229 Processing Entry 266363
		


31-08-2011 10:29:30
Thread 35320229 Updating Tally Table 
		


31-08-2011 10:29:30
Thread 35320229 Updated Tally Table 
		


31-08-2011 10:29:30
Thread 35320229: Retrieving Pending Transactions 
		


31-08-2011 10:29:30
Thread 35320229: Retrieved 0 Pending Transactions 
		


31-08-2011 10:29:30
Thread 35320229 Released 
		


31-08-2011 10:33:22
Thread 45653674 Waiting 
		


31-08-2011 10:33:22
Thread 45653674 Released 
		


31-08-2011 10:41:20
Thread 39086322 Waiting 
		


31-08-2011 10:41:20
Thread 39086322 Entered 
		


31-08-2011 10:41:20
Thread 39086322: Retrieving Pending Transactions 
		


31-08-2011 10:41:20
Thread 39086322: Retrieved 0 Pending Transactions 
		


31-08-2011 10:41:20
Thread 39086322 Released 
		


31-08-2011 10:49:40
Thread 20974680 Waiting 
		


31-08-2011 10:49:40
Thread 20974680 Entered 
		


31-08-2011 10:49:40
Thread 20974680: Retrieving Pending Transactions 
		


31-08-2011 10:49:44
Thread 20974680: Retrieved 5 Pending Transactions 
		


31-08-2011 10:49:44
Thread 20974680: Retrieving Entry Details 
		


31-08-2011 10:49:45
Thread 20974680: Retrieved Entry Details 
		


31-08-2011 10:49:45
Thread 20974680 Processing Entry 266364
		


31-08-2011 10:49:45
Thread 20974680 Processing Entry 266365
		


31-08-2011 10:49:46
Thread 20974680 Processing Entry 266366
		


31-08-2011 10:49:46
Thread 20974680 Processing Entry 266367
		


31-08-2011 10:49:47
Thread 20974680 Processing Entry 266368
		


31-08-2011 10:49:47
Thread 20974680 Updating Tally Table 
		


31-08-2011 10:49:47
Thread 20974680 Updated Tally Table 
		


31-08-2011 10:49:47
Thread 20974680: Retrieving Pending Transactions 
		


31-08-2011 10:49:47
Thread 20974680: Retrieved 0 Pending Transactions 
		


31-08-2011 10:49:47
Thread 20974680 Released 
		


31-08-2011 11:02:00
Thread 39891323 Waiting 
		


31-08-2011 11:02:00
Thread 39891323 Entered 
		


31-08-2011 11:02:00
Thread 39891323: Retrieving Pending Transactions 
		


31-08-2011 11:02:00
Thread 39891323: Retrieved 0 Pending Transactions 
		


31-08-2011 11:02:00
Thread 39891323 Released 
		


31-08-2011 12:02:22
Thread 357628 Waiting 
		


31-08-2011 12:02:22
Thread 357628 Entered 
		


31-08-2011 12:02:22
Thread 357628: Retrieving Pending Transactions 
		


31-08-2011 12:02:26
Thread 357628: Retrieved 6 Pending Transactions 
		


31-08-2011 12:02:26
Thread 357628: Retrieving Entry Details 
		


31-08-2011 12:02:27
Thread 357628: Retrieved Entry Details 
		


31-08-2011 12:02:27
Thread 357628 Processing Entry 266369
		


31-08-2011 12:02:28
Thread 357628 Processing Entry 266370
		


31-08-2011 12:02:28
Thread 357628 Processing Entry 266371
		


31-08-2011 12:02:29
Thread 357628 Processing Entry 266372
		


31-08-2011 12:02:29
Thread 357628 Processing Entry 266373
		


31-08-2011 12:02:30
Thread 357628 Processing Entry 266374
		


31-08-2011 12:02:30
Thread 357628 Updating Tally Table 
		


31-08-2011 12:02:31
Thread 357628 Updated Tally Table 
		


31-08-2011 12:02:31
Thread 357628: Retrieving Pending Transactions 
		


31-08-2011 12:02:31
Thread 357628: Retrieved 0 Pending Transactions 
		


31-08-2011 12:02:31
Thread 357628 Released 
		


31-08-2011 13:02:44
Thread 13462887 Waiting 
		


31-08-2011 13:02:44
Thread 13462887 Entered 
		


31-08-2011 13:02:44
Thread 13462887: Retrieving Pending Transactions 
		


31-08-2011 13:02:45
Thread 13462887: Retrieved 0 Pending Transactions 
		


31-08-2011 13:02:45
Thread 13462887 Released 
		


31-08-2011 14:03:07
Thread 41112823 Waiting 
		


31-08-2011 14:03:07
Thread 41112823 Entered 
		


31-08-2011 14:03:07
Thread 41112823: Retrieving Pending Transactions 
		


31-08-2011 14:03:07
Thread 41112823: Retrieved 0 Pending Transactions 
		


31-08-2011 14:03:07
Thread 41112823 Released 
		


31-08-2011 15:03:29
Thread 16572203 Waiting 
		


31-08-2011 15:03:29
Thread 16572203 Entered 
		


31-08-2011 15:03:29
Thread 16572203: Retrieving Pending Transactions 
		


31-08-2011 15:03:33
Thread 16572203: Retrieved 6 Pending Transactions 
		


31-08-2011 15:03:33
Thread 16572203: Retrieving Entry Details 
		


31-08-2011 15:03:34
Thread 16572203: Retrieved Entry Details 
		


31-08-2011 15:03:34
Thread 16572203 Processing Entry 266375
		


31-08-2011 15:03:42
Thread 16572203 Processing Entry 266376
		


31-08-2011 15:03:43
Thread 16572203 Processing Entry 266377
		


31-08-2011 15:03:44
Thread 16572203 Processing Entry 266378
		


31-08-2011 15:03:44
Thread 16572203 Processing Entry 266379
		


31-08-2011 15:03:56
Created Ledger:CHATS(240) Alias:CHATS Under Group:Direct Incomes
		


31-08-2011 15:03:58
Thread 16572203 Processing Entry 266380
		


31-08-2011 15:03:59
Thread 16572203 Updating Tally Table 
		


31-08-2011 15:04:00
Thread 16572203 Updated Tally Table 
		


31-08-2011 15:04:00
Thread 16572203: Retrieving Pending Transactions 
		


31-08-2011 15:04:00
Thread 16572203: Retrieved 0 Pending Transactions 
		


31-08-2011 15:04:00
Thread 16572203 Released 
		


31-08-2011 16:03:51
Thread 27412112 Waiting 
		


31-08-2011 16:03:51
Thread 27412112 Entered 
		


31-08-2011 16:03:51
Thread 27412112: Retrieving Pending Transactions 
		


31-08-2011 16:03:55
Thread 27412112: Retrieved 14 Pending Transactions 
		


31-08-2011 16:03:55
Thread 27412112: Retrieving Entry Details 
		


31-08-2011 16:03:56
Thread 27412112: Retrieved Entry Details 
		


31-08-2011 16:03:56
Thread 27412112 Processing Entry 266381
		


31-08-2011 16:04:15
Thread 27412112 Processing Entry 266382
		


31-08-2011 16:04:16
Thread 27412112 Processing Entry 266383
		


31-08-2011 16:04:16
Thread 27412112 Processing Entry 266384
		


31-08-2011 16:04:17
Thread 27412112 Processing Entry 266385
		


31-08-2011 16:04:17
Thread 27412112 Processing Entry 266386
		


31-08-2011 16:04:18
Thread 27412112 Processing Entry 266387
		


31-08-2011 16:04:18
Thread 27412112 Processing Entry 266388
		


31-08-2011 16:04:19
Thread 27412112 Processing Entry 266389
		


31-08-2011 16:04:19
Thread 27412112 Processing Entry 266390
		


31-08-2011 16:04:20
Thread 27412112 Processing Entry 266391
		


31-08-2011 16:04:20
Thread 27412112 Processing Entry 266392
		


31-08-2011 16:04:21
Thread 27412112 Processing Entry 266393
		


31-08-2011 16:04:21
Thread 27412112 Processing Entry 266394
		


31-08-2011 16:04:22
Thread 27412112 Updating Tally Table 
		


31-08-2011 16:04:22
Thread 27412112 Updated Tally Table 
		


31-08-2011 16:04:22
Thread 27412112: Retrieving Pending Transactions 
		


31-08-2011 16:04:22
Thread 27412112: Retrieved 0 Pending Transactions 
		


31-08-2011 16:04:22
Thread 27412112 Released 
		


31-08-2011 17:03:53
Thread 32334210 Waiting 
		


31-08-2011 17:03:53
Thread 32334210 Entered 
		


31-08-2011 17:03:53
Thread 32334210: Retrieving Pending Transactions 
		


31-08-2011 17:03:53
Thread 32334210: Retrieved 0 Pending Transactions 
		


31-08-2011 17:03:53
Thread 32334210 Released 
		
